<?xml version='1.0'?>
<ns2:test-suite xmlns:ns2='urn:model.allure.qatools.yandex.ru' start='1611917660798' stop='1611917706010'>
    <name>Login:</name>
    <title>Login:</title>
    <test-cases>
        <test-case start='1611917660800' status='failed' stop='1611917682709'>
            <name>test login positiveCase</name>
            <title>test login positiveCase</title>
            <labels/>
            <parameters/>
            <steps>
                <step start='1611917662090' status='failed' stop='1611917682709'>
                    <name>I: loginAs "Luke", "Skywalker"</name>
                    <title>I: loginAs "Luke", "Skywalker"</title>
                    <attachments/>
                    <steps>
                        <step start='1611917662090' status='passed' stop='1611917662596'>
                            <name>I am on page "/"</name>
                            <title>I am on page "/"</title>
                            <attachments/>
                            <steps/>
                        </step>
                        <step start='1611917662596' status='passed' stop='1611917662704'>
                            <name>I resize window "fullscreen", "fullscreen"</name>
                            <title>I resize window "fullscreen", "fullscreen"</title>
                            <attachments/>
                            <steps/>
                        </step>
                        <step start='1611917662704' status='failed' stop='1611917682709'>
                            <name>I wait for visible "//p[contains(.,'Username: "Luke" Password: "Skywalker"')]", 20</name>
                            <title>I wait for visible "//p[contains(.,'Username: "Luke" Password: "Skywalker"')]", 20</title>
                            <attachments/>
                            <steps/>
                        </step>
                    </steps>
                </step>
            </steps>
            <attachments>
                <attachment title='Last Seen Screenshot' source='8b130f40-5b01-4ccf-8ad3-b96c3ea225de-attachment.png' type='image/png' size='86286'/>
            </attachments>
            <failure>
                <message>Wait timed out after 20005ms</message>
                <stack-trace>TimeoutError: Wait timed out after 20005ms
                    at /Users/georgianiorgu/Workspace/ZivverAssignment/node_modules/selenium-webdriver/lib/promise.js:2201:17
                    at ManagedPromise.invokeCallback_ (/Users/georgianiorgu/Workspace/ZivverAssignment/node_modules/selenium-webdriver/lib/promise.js:1376:14)
                    at TaskQueue.execute_ (/Users/georgianiorgu/Workspace/ZivverAssignment/node_modules/selenium-webdriver/lib/promise.js:3084:14)
                    at TaskQueue.executeNext_ (/Users/georgianiorgu/Workspace/ZivverAssignment/node_modules/selenium-webdriver/lib/promise.js:3067:27)
                    at /Users/georgianiorgu/Workspace/ZivverAssignment/node_modules/selenium-webdriver/lib/promise.js:2927:27
                    at /Users/georgianiorgu/Workspace/ZivverAssignment/node_modules/selenium-webdriver/lib/promise.js:668:7
                    at runMicrotasks (&lt;anonymous>)
                    at processTicksAndRejections (internal/process/task_queues.js:93:5)
                From: Task: &lt;anonymous wait>
                    at scheduleWait (/Users/georgianiorgu/Workspace/ZivverAssignment/node_modules/selenium-webdriver/lib/promise.js:2188:20)
                    at ControlFlow.wait (/Users/georgianiorgu/Workspace/ZivverAssignment/node_modules/selenium-webdriver/lib/promise.js:2517:12)
                    at thenableWebDriverProxy.wait (/Users/georgianiorgu/Workspace/ZivverAssignment/node_modules/selenium-webdriver/lib/webdriver.js:934:29)
                    at run (/Users/georgianiorgu/Workspace/ZivverAssignment/node_modules/protractor/built/browser.js:59:33)
                    at ProtractorBrowser.to.&lt;computed> [as wait] (/Users/georgianiorgu/Workspace/ZivverAssignment/node_modules/protractor/built/browser.js:67:16)
                    at Protractor.waitForVisible (/Users/georgianiorgu/Workspace/ZivverAssignment/node_modules/codeceptjs/lib/helper/Protractor.js:1397:25)
                    at Step.run (/Users/georgianiorgu/Workspace/ZivverAssignment/node_modules/codeceptjs/lib/step.js:66:47)
                    at /Users/georgianiorgu/Workspace/ZivverAssignment/node_modules/codeceptjs/lib/actor.js:117:23
                    at processTicksAndRejections (internal/process/task_queues.js:93:5)</stack-trace>
            </failure>
        </test-case>
        <test-case start='1611917683331' status='failed' stop='1611917705367'>
            <name>test login negative cases</name>
            <title>test login negative cases</title>
            <labels/>
            <parameters/>
            <steps>
                <step start='1611917684629' status='failed' stop='1611917705367'>
                    <name>I: loginAs "$%$#%$#%#", "Skywalker"</name>
                    <title>I: loginAs "$%$#%$#%#", "Skywalker"</title>
                    <attachments/>
                    <steps>
                        <step start='1611917684630' status='passed' stop='1611917685251'>
                            <name>I am on page "/"</name>
                            <title>I am on page "/"</title>
                            <attachments/>
                            <steps/>
                        </step>
                        <step start='1611917685251' status='passed' stop='1611917685360'>
                            <name>I resize window "fullscreen", "fullscreen"</name>
                            <title>I resize window "fullscreen", "fullscreen"</title>
                            <attachments/>
                            <steps/>
                        </step>
                        <step start='1611917685361' status='failed' stop='1611917705366'>
                            <name>I wait for visible "//p[contains(.,'Username: "Luke" Password: "Skywalker"')]", 20</name>
                            <title>I wait for visible "//p[contains(.,'Username: "Luke" Password: "Skywalker"')]", 20</title>
                            <attachments/>
                            <steps/>
                        </step>
                    </steps>
                </step>
            </steps>
            <attachments>
                <attachment title='Last Seen Screenshot' source='a41a3417-9f29-46a4-a04a-a98c7eda7fdd-attachment.png' type='image/png' size='86286'/>
            </attachments>
            <failure>
                <message>Wait timed out after 20005ms</message>
                <stack-trace>TimeoutError: Wait timed out after 20005ms
                    at /Users/georgianiorgu/Workspace/ZivverAssignment/node_modules/selenium-webdriver/lib/promise.js:2201:17
                    at ManagedPromise.invokeCallback_ (/Users/georgianiorgu/Workspace/ZivverAssignment/node_modules/selenium-webdriver/lib/promise.js:1376:14)
                    at TaskQueue.execute_ (/Users/georgianiorgu/Workspace/ZivverAssignment/node_modules/selenium-webdriver/lib/promise.js:3084:14)
                    at TaskQueue.executeNext_ (/Users/georgianiorgu/Workspace/ZivverAssignment/node_modules/selenium-webdriver/lib/promise.js:3067:27)
                    at /Users/georgianiorgu/Workspace/ZivverAssignment/node_modules/selenium-webdriver/lib/promise.js:2927:27
                    at /Users/georgianiorgu/Workspace/ZivverAssignment/node_modules/selenium-webdriver/lib/promise.js:668:7
                    at runMicrotasks (&lt;anonymous>)
                    at processTicksAndRejections (internal/process/task_queues.js:93:5)
                From: Task: &lt;anonymous wait>
                    at scheduleWait (/Users/georgianiorgu/Workspace/ZivverAssignment/node_modules/selenium-webdriver/lib/promise.js:2188:20)
                    at ControlFlow.wait (/Users/georgianiorgu/Workspace/ZivverAssignment/node_modules/selenium-webdriver/lib/promise.js:2517:12)
                    at thenableWebDriverProxy.wait (/Users/georgianiorgu/Workspace/ZivverAssignment/node_modules/selenium-webdriver/lib/webdriver.js:934:29)
                    at run (/Users/georgianiorgu/Workspace/ZivverAssignment/node_modules/protractor/built/browser.js:59:33)
                    at ProtractorBrowser.to.&lt;computed> [as wait] (/Users/georgianiorgu/Workspace/ZivverAssignment/node_modules/protractor/built/browser.js:67:16)
                    at Protractor.waitForVisible (/Users/georgianiorgu/Workspace/ZivverAssignment/node_modules/codeceptjs/lib/helper/Protractor.js:1397:25)
                    at Step.run (/Users/georgianiorgu/Workspace/ZivverAssignment/node_modules/codeceptjs/lib/step.js:66:47)
                    at /Users/georgianiorgu/Workspace/ZivverAssignment/node_modules/codeceptjs/lib/actor.js:117:23
                    at runMicrotasks (&lt;anonymous>)
                    at processTicksAndRejections (internal/process/task_queues.js:93:5)</stack-trace>
            </failure>
        </test-case>
    </test-cases>
</ns2:test-suite>