<?xml version='1.0'?>
<ns2:test-suite xmlns:ns2='urn:model.allure.qatools.yandex.ru' start='1611910909508' stop='1611910954107'>
    <name>Login:</name>
    <title>Login:</title>
    <test-cases>
        <test-case start='1611910909509' status='failed' stop='1611910931077'>
            <name>test login positiveCase</name>
            <title>test login positiveCase</title>
            <labels/>
            <parameters/>
            <steps>
                <step start='1611910910498' status='failed' stop='1611910931077'>
                    <name>I: loginAs "Luke", "Skywalker"</name>
                    <title>I: loginAs "Luke", "Skywalker"</title>
                    <attachments/>
                    <steps>
                        <step start='1611910910498' status='passed' stop='1611910910969'>
                            <name>I am on page "/"</name>
                            <title>I am on page "/"</title>
                            <attachments/>
                            <steps/>
                        </step>
                        <step start='1611910910969' status='passed' stop='1611910911076'>
                            <name>I resize window "fullscreen", "fullscreen"</name>
                            <title>I resize window "fullscreen", "fullscreen"</title>
                            <attachments/>
                            <steps/>
                        </step>
                        <step start='1611910911076' status='failed' stop='1611910931077'>
                            <name>I wait for visible "//p[contains(.,'Username: "Luke" Password: "Skywalker"')]", 20</name>
                            <title>I wait for visible "//p[contains(.,'Username: "Luke" Password: "Skywalker"')]", 20</title>
                            <attachments/>
                            <steps/>
                        </step>
                    </steps>
                </step>
            </steps>
            <attachments>
                <attachment title='Last Seen Screenshot' source='925cd820-451f-4123-ad96-f6153afb149a-attachment.png' type='image/png' size='86286'/>
            </attachments>
            <failure>
                <message>Wait timed out after 20000ms</message>
                <stack-trace>TimeoutError: Wait timed out after 20000ms
                    at /Users/georgianiorgu/Workspace/ZivverAssignment/node_modules/selenium-webdriver/lib/promise.js:2201:17
                    at ManagedPromise.invokeCallback_ (/Users/georgianiorgu/Workspace/ZivverAssignment/node_modules/selenium-webdriver/lib/promise.js:1376:14)
                    at TaskQueue.execute_ (/Users/georgianiorgu/Workspace/ZivverAssignment/node_modules/selenium-webdriver/lib/promise.js:3084:14)
                    at TaskQueue.executeNext_ (/Users/georgianiorgu/Workspace/ZivverAssignment/node_modules/selenium-webdriver/lib/promise.js:3067:27)
                    at /Users/georgianiorgu/Workspace/ZivverAssignment/node_modules/selenium-webdriver/lib/promise.js:2927:27
                    at /Users/georgianiorgu/Workspace/ZivverAssignment/node_modules/selenium-webdriver/lib/promise.js:668:7
                    at runMicrotasks (&lt;anonymous>)
                    at processTicksAndRejections (internal/process/task_queues.js:93:5)
                From: Task: &lt;anonymous wait>
                    at scheduleWait (/Users/georgianiorgu/Workspace/ZivverAssignment/node_modules/selenium-webdriver/lib/promise.js:2188:20)
                    at ControlFlow.wait (/Users/georgianiorgu/Workspace/ZivverAssignment/node_modules/selenium-webdriver/lib/promise.js:2517:12)
                    at thenableWebDriverProxy.wait (/Users/georgianiorgu/Workspace/ZivverAssignment/node_modules/selenium-webdriver/lib/webdriver.js:934:29)
                    at run (/Users/georgianiorgu/Workspace/ZivverAssignment/node_modules/protractor/built/browser.js:59:33)
                    at ProtractorBrowser.to.&lt;computed> [as wait] (/Users/georgianiorgu/Workspace/ZivverAssignment/node_modules/protractor/built/browser.js:67:16)
                    at Protractor.waitForVisible (/Users/georgianiorgu/Workspace/ZivverAssignment/node_modules/codeceptjs/lib/helper/Protractor.js:1397:25)
                    at Step.run (/Users/georgianiorgu/Workspace/ZivverAssignment/node_modules/codeceptjs/lib/step.js:66:47)
                    at /Users/georgianiorgu/Workspace/ZivverAssignment/node_modules/codeceptjs/lib/actor.js:117:23
                    at processTicksAndRejections (internal/process/task_queues.js:93:5)</stack-trace>
            </failure>
        </test-case>
        <test-case start='1611910931675' status='failed' stop='1611910953479'>
            <name>test login negative cases</name>
            <title>test login negative cases</title>
            <labels/>
            <parameters/>
            <steps>
                <step start='1611910932688' status='failed' stop='1611910953479'>
                    <name>I: loginAs "$%$#%$#%#", "Skywalker"</name>
                    <title>I: loginAs "$%$#%$#%#", "Skywalker"</title>
                    <attachments/>
                    <steps>
                        <step start='1611910932688' status='passed' stop='1611910933367'>
                            <name>I am on page "/"</name>
                            <title>I am on page "/"</title>
                            <attachments/>
                            <steps/>
                        </step>
                        <step start='1611910933367' status='passed' stop='1611910933475'>
                            <name>I resize window "fullscreen", "fullscreen"</name>
                            <title>I resize window "fullscreen", "fullscreen"</title>
                            <attachments/>
                            <steps/>
                        </step>
                        <step start='1611910933476' status='failed' stop='1611910953479'>
                            <name>I wait for visible "//p[contains(.,'Username: "Luke" Password: "Skywalker"')]", 20</name>
                            <title>I wait for visible "//p[contains(.,'Username: "Luke" Password: "Skywalker"')]", 20</title>
                            <attachments/>
                            <steps/>
                        </step>
                    </steps>
                </step>
            </steps>
            <attachments>
                <attachment title='Last Seen Screenshot' source='d6290d3f-fa02-400b-b57e-0416b302d8e6-attachment.png' type='image/png' size='86286'/>
            </attachments>
            <failure>
                <message>Wait timed out after 20003ms</message>
                <stack-trace>TimeoutError: Wait timed out after 20003ms
                    at /Users/georgianiorgu/Workspace/ZivverAssignment/node_modules/selenium-webdriver/lib/promise.js:2201:17
                    at ManagedPromise.invokeCallback_ (/Users/georgianiorgu/Workspace/ZivverAssignment/node_modules/selenium-webdriver/lib/promise.js:1376:14)
                    at TaskQueue.execute_ (/Users/georgianiorgu/Workspace/ZivverAssignment/node_modules/selenium-webdriver/lib/promise.js:3084:14)
                    at TaskQueue.executeNext_ (/Users/georgianiorgu/Workspace/ZivverAssignment/node_modules/selenium-webdriver/lib/promise.js:3067:27)
                    at /Users/georgianiorgu/Workspace/ZivverAssignment/node_modules/selenium-webdriver/lib/promise.js:2927:27
                    at /Users/georgianiorgu/Workspace/ZivverAssignment/node_modules/selenium-webdriver/lib/promise.js:668:7
                    at runMicrotasks (&lt;anonymous>)
                    at processTicksAndRejections (internal/process/task_queues.js:93:5)
                From: Task: &lt;anonymous wait>
                    at scheduleWait (/Users/georgianiorgu/Workspace/ZivverAssignment/node_modules/selenium-webdriver/lib/promise.js:2188:20)
                    at ControlFlow.wait (/Users/georgianiorgu/Workspace/ZivverAssignment/node_modules/selenium-webdriver/lib/promise.js:2517:12)
                    at thenableWebDriverProxy.wait (/Users/georgianiorgu/Workspace/ZivverAssignment/node_modules/selenium-webdriver/lib/webdriver.js:934:29)
                    at run (/Users/georgianiorgu/Workspace/ZivverAssignment/node_modules/protractor/built/browser.js:59:33)
                    at ProtractorBrowser.to.&lt;computed> [as wait] (/Users/georgianiorgu/Workspace/ZivverAssignment/node_modules/protractor/built/browser.js:67:16)
                    at Protractor.waitForVisible (/Users/georgianiorgu/Workspace/ZivverAssignment/node_modules/codeceptjs/lib/helper/Protractor.js:1397:25)
                    at Step.run (/Users/georgianiorgu/Workspace/ZivverAssignment/node_modules/codeceptjs/lib/step.js:66:47)
                    at /Users/georgianiorgu/Workspace/ZivverAssignment/node_modules/codeceptjs/lib/actor.js:117:23
                    at runMicrotasks (&lt;anonymous>)
                    at processTicksAndRejections (internal/process/task_queues.js:93:5)</stack-trace>
            </failure>
        </test-case>
    </test-cases>
</ns2:test-suite>